<?xml version="1.0" encoding="UTF-8"?>
<testng-results ignored="0" total="1" passed="1" failed="0" skipped="0">
  <reporter-output>
  </reporter-output>
  <suite started-at="2023-01-19T16:34:18 IST" name="Default suite" finished-at="2023-01-19T16:34:19 IST" duration-ms="731">
    <groups>
    </groups>
    <test started-at="2023-01-19T16:34:18 IST" name="Default test" finished-at="2023-01-19T16:34:19 IST" duration-ms="731">
      <class name="Demo.LaunchEmtyBrowserTest">
        <test-method signature="launchBrowser()[pri:0, instance:Demo.LaunchEmtyBrowserTest@770d3326]" started-at="2023-01-19T16:34:18 IST" name="launchBrowser" finished-at="2023-01-19T16:34:19 IST" duration-ms="685" status="PASS">
          <reporter-output>
          </reporter-output>
        </test-method> <!-- launchBrowser -->
      </class> <!-- Demo.LaunchEmtyBrowserTest -->
    </test> <!-- Default test -->
  </suite> <!-- Default suite -->
</testng-results>
